{"/Users/yuchen/Projects/yci/image/src/component.ts": {"path":"/Users/yuchen/Projects/yci/image/src/component.ts","statementMap":{"0":{"start":{"line":1,"column":0},"end":{"line":1,"column":82}},"1":{"start":{"line":9,"column":11},"end":{"line":9,"column":27}},"2":{"start":{"line":10,"column":11},"end":{"line":10,"column":27}},"3":{"start":{"line":15,"column":4},"end":{"line":15,"column":37}},"4":{"start":{"line":19,"column":4},"end":{"line":19,"column":48}},"5":{"start":{"line":20,"column":8},"end":{"line":20,"column":24}},"6":{"start":{"line":21,"column":4},"end":{"line":21,"column":65}},"7":{"start":{"line":22,"column":8},"end":{"line":22,"column":13}},"8":{"start":{"line":23,"column":4},"end":{"line":23,"column":19}},"9":{"start":{"line":23,"column":19},"end":{"line":23,"column":49}},"10":{"start":{"line":24,"column":4},"end":{"line":24,"column":66}},"11":{"start":{"line":25,"column":4},"end":{"line":25,"column":54}},"12":{"start":{"line":26,"column":4},"end":{"line":26,"column":52}},"13":{"start":{"line":8,"column":11},"end":{"line":8,"column":23}},"14":{"start":{"line":9,"column":11},"end":{"line":9,"column":29}},"15":{"start":{"line":10,"column":11},"end":{"line":10,"column":34}},"16":{"start":{"line":11,"column":22},"end":{"line":11,"column":36}},"17":{"start":{"line":12,"column":22},"end":{"line":12,"column":40}},"18":{"start":{"line":7,"column":13},"end":{"line":null,"column":-1}},"19":{"start":{"line":7,"column":13},"end":{"line":7,"column":18}}},"fnMap":{"0":{"name":"(anonymous_2)","decl":{"start":{"line":14,"column":2},"end":{"line":14,"column":13}},"loc":{"start":{"line":14,"column":14},"end":{"line":16,"column":3}}},"1":{"name":"(anonymous_3)","decl":{"start":{"line":18,"column":2},"end":{"line":18,"column":13}},"loc":{"start":{"line":18,"column":14},"end":{"line":27,"column":3}}}},"branchMap":{"0":{"loc":{"start":{"line":23,"column":4},"end":{"line":23,"column":19}},"type":"if","locations":[{"start":{"line":23,"column":4},"end":{"line":23,"column":19}},{"start":{"line":23,"column":4},"end":{"line":23,"column":19}}]}},"s":{"0":1,"1":3,"2":3,"3":3,"4":2,"5":2,"6":2,"7":2,"8":2,"9":1,"10":2,"11":2,"12":2,"13":1,"14":1,"15":1,"16":1,"17":1,"18":1,"19":1},"f":{"0":3,"1":2},"b":{"0":[1,1]}}
,"/Users/yuchen/Projects/yci/image/src/index.ts": {"path":"/Users/yuchen/Projects/yci/image/src/index.ts","statementMap":{"0":{"start":{"line":1,"column":0},"end":{"line":1,"column":61}},"1":{"start":{"line":2,"column":0},"end":{"line":2,"column":46}},"2":{"start":{"line":3,"column":0},"end":{"line":3,"column":35}},"3":{"start":{"line":5,"column":0},"end":{"line":5,"column":28}},"4":{"start":{"line":18,"column":13},"end":{"line":null,"column":-1}},"5":{"start":{"line":18,"column":13},"end":{"line":18,"column":24}}},"fnMap":{"0":{"name":"(anonymous_2)","decl":{"start":{"line":19,"column":2},"end":{"line":19,"column":8}},"loc":{"start":{"line":19,"column":9},"end":{"line":24,"column":3}}}},"branchMap":{},"s":{"0":1,"1":1,"2":1,"3":1,"4":1,"5":1},"f":{"0":3},"b":{}}
}
